[14:01:07] [ServerMain/INFO]: Environment: authHost='https://authserver.mojang.com', accountsHost='https://api.mojang.com', sessionHost='https://sessionserver.mojang.com', servicesHost='https://api.minecraftservices.com', name='PROD'
[14:01:11] [ServerMain/INFO]: Loaded 7 recipes
[14:01:12] [Server thread/INFO]: Starting minecraft server version 1.20.1
[14:01:12] [Server thread/WARN]: ****************************
[14:01:12] [Server thread/WARN]: YOU ARE RUNNING THIS SERVER AS AN ADMINISTRATIVE OR ROOT USER. THIS IS NOT ADVISED.
[14:01:12] [Server thread/WARN]: YOU ARE OPENING YOURSELF UP TO POTENTIAL RISKS WHEN DOING THIS.
[14:01:12] [Server thread/WARN]: FOR MORE INFORMATION, SEE https://madelinemiller.dev/blog/root-minecraft-server/
[14:01:12] [Server thread/WARN]: ****************************
[14:01:12] [Server thread/INFO]: Loading properties
[14:01:12] [Server thread/INFO]: This server is running Paper version git-Paper-196 (MC: 1.20.1) (Implementing API version 1.20.1-R0.1-SNAPSHOT) (Git: 773dd72)
[14:01:14] [Server thread/INFO]: Server Ping Player Sample Count: 12
[14:01:14] [Server thread/INFO]: Using 4 threads for Netty based IO
[14:01:14] [Server thread/WARN]: [!] The timings profiler has been enabled but has been scheduled for removal from Paper in the future.
    We recommend installing the spark profiler as a replacement: https://spark.lucko.me/
    For more information please visit: https://github.com/PaperMC/Paper/issues/8948
[14:01:14] [Server thread/INFO]: [ChunkTaskScheduler] Chunk system is using 1 I/O threads, 1 worker threads, and gen parallelism of 1 threads
[14:01:15] [Server thread/INFO]: Default game type: SURVIVAL
[14:01:15] [Server thread/INFO]: Generating keypair
[14:01:15] [Server thread/INFO]: Starting Minecraft server on *:25565
[14:01:15] [Server thread/INFO]: Using epoll channel type
[14:01:15] [Server thread/INFO]: Paper: Using libdeflate (Linux x86_64) compression from Velocity.
[14:01:15] [Server thread/INFO]: Paper: Using OpenSSL 1.1.x (Linux x86_64) cipher from Velocity.
[14:01:15] [Server thread/INFO]: Server permissions file permissions.yml is empty, ignoring it
[14:01:15] [Server thread/WARN]: **** SERVER IS RUNNING IN OFFLINE/INSECURE MODE!
[14:01:15] [Server thread/WARN]: The server will make no attempt to authenticate usernames. Beware.
[14:01:15] [Server thread/WARN]: While this makes the game possible to play without internet access, it also opens up the ability for hackers to connect with any username they choose.
[14:01:15] [Server thread/WARN]: To change this, set "online-mode" to "true" in the server.properties file.
[14:01:15] [Server thread/INFO]: Preparing level "world"
[14:01:16] [Server thread/INFO]: Preparing start region for dimension minecraft:overworld
[14:01:17] [Server thread/INFO]: Time elapsed: 422 ms
[14:01:17] [Server thread/INFO]: Preparing start region for dimension minecraft:the_nether
[14:01:17] [Server thread/INFO]: Time elapsed: 125 ms
[14:01:17] [Server thread/INFO]: Preparing start region for dimension minecraft:the_end
[14:01:17] [Server thread/INFO]: Time elapsed: 127 ms
[14:01:17] [Server thread/INFO]: Running delayed init tasks
[14:01:17] [Server thread/INFO]: Done (5.304s)! For help, type "help"
[14:01:17] [Server thread/INFO]: Timings Reset
[14:02:16] [User Authenticator #0/INFO]: UUID of player FreshNDope is 46d246c6-31b6-3fb6-baee-97aa2b566284
[14:02:17] [Server thread/INFO]: FreshNDope joined the game
[14:02:18] [Server thread/INFO]: FreshNDope[/[0:0:0:0:0:0:0:1%0]:59376] logged in with entity id 81 at ([world]-1.5, 63.0, -6.5)
[14:19:06] [Server thread/INFO]: Villager EntityVillager['Farmer'/330, uuid='b1d95758-50c8-4d1b-ab0f-5275c34a34ac', l='ServerLevel[world]', x=-28.70, y=64.00, z=68.30, cpos=[-2, 4], tl=19819, v=true] died, message: 'Farmer was slain by Zombie'
[14:20:30] [Server thread/INFO]: FreshNDope lost connection: Disconnected
[14:20:30] [Server thread/INFO]: FreshNDope left the game
[14:21:02] [Server thread/INFO]: Villager EntityVillager['Villager'/324, uuid='e2c4dd34-62eb-4772-869b-904ee042a5ba', l='ServerLevel[world]', x=10.36, y=66.54, z=73.32, cpos=[0, 4], tl=22145, v=true] died, message: 'Villager was slain by Zombie'
